[23-Mar-2023 14:07:25 UTC] PHP Warning:  Attempt to read property "title" on null in C:\Users\Yohei Goto\mydrive\97_dev\onebyone\wp\app\public\wp-includes\class-wp-customize-widgets.php on line 900
[23-Mar-2023 14:21:31 UTC] PHP Warning:  Undefined variable $twitter_site in C:\Users\Yohei Goto\mydrive\97_dev\onebyone\wp\app\public\wp-content\themes\onebyone\functions\ogp.php on line 59
[23-Mar-2023 14:21:31 UTC] PHP Warning:  Undefined variable $facebook_app_id in C:\Users\Yohei Goto\mydrive\97_dev\onebyone\wp\app\public\wp-content\themes\onebyone\functions\ogp.php on line 62
[23-Mar-2023 14:26:01 UTC] PHP Warning:  Undefined variable $twitter_site in C:\Users\Yohei Goto\mydrive\97_dev\onebyone\wp\app\public\wp-content\themes\onebyone\functions\ogp.php on line 59
[23-Mar-2023 14:26:01 UTC] PHP Warning:  Undefined variable $facebook_app_id in C:\Users\Yohei Goto\mydrive\97_dev\onebyone\wp\app\public\wp-content\themes\onebyone\functions\ogp.php on line 62
[23-Mar-2023 14:26:22 UTC] PHP Warning:  Undefined variable $twitter_site in C:\Users\Yohei Goto\mydrive\97_dev\onebyone\wp\app\public\wp-content\themes\onebyone\functions\ogp.php on line 59
[23-Mar-2023 14:26:22 UTC] PHP Warning:  Undefined variable $facebook_app_id in C:\Users\Yohei Goto\mydrive\97_dev\onebyone\wp\app\public\wp-content\themes\onebyone\functions\ogp.php on line 62
[23-Mar-2023 14:27:10 UTC] PHP Warning:  Undefined variable $twitter_site in C:\Users\Yohei Goto\mydrive\97_dev\onebyone\wp\app\public\wp-content\themes\onebyone\functions\ogp.php on line 59
[23-Mar-2023 14:27:10 UTC] PHP Warning:  Undefined variable $facebook_app_id in C:\Users\Yohei Goto\mydrive\97_dev\onebyone\wp\app\public\wp-content\themes\onebyone\functions\ogp.php on line 62
[23-Mar-2023 14:28:53 UTC] PHP Warning:  Undefined variable $twitter_site in C:\Users\Yohei Goto\mydrive\97_dev\onebyone\wp\app\public\wp-content\themes\onebyone\functions\ogp.php on line 59
[23-Mar-2023 14:28:53 UTC] PHP Warning:  Undefined variable $facebook_app_id in C:\Users\Yohei Goto\mydrive\97_dev\onebyone\wp\app\public\wp-content\themes\onebyone\functions\ogp.php on line 62
[23-Mar-2023 14:29:12 UTC] PHP Warning:  Undefined variable $twitter_site in C:\Users\Yohei Goto\mydrive\97_dev\onebyone\wp\app\public\wp-content\themes\onebyone\functions\ogp.php on line 59
[23-Mar-2023 14:29:12 UTC] PHP Warning:  Undefined variable $facebook_app_id in C:\Users\Yohei Goto\mydrive\97_dev\onebyone\wp\app\public\wp-content\themes\onebyone\functions\ogp.php on line 62
[23-Mar-2023 14:30:29 UTC] PHP Warning:  Undefined variable $twitter_site in C:\Users\Yohei Goto\mydrive\97_dev\onebyone\wp\app\public\wp-content\themes\onebyone\functions\ogp.php on line 59
[23-Mar-2023 14:30:29 UTC] PHP Warning:  Undefined variable $facebook_app_id in C:\Users\Yohei Goto\mydrive\97_dev\onebyone\wp\app\public\wp-content\themes\onebyone\functions\ogp.php on line 62
[23-Mar-2023 14:34:22 UTC] PHP Warning:  Undefined variable $twitter_site in C:\Users\Yohei Goto\mydrive\97_dev\onebyone\wp\app\public\wp-content\themes\onebyone\functions\ogp.php on line 59
[23-Mar-2023 14:34:22 UTC] PHP Warning:  Undefined variable $facebook_app_id in C:\Users\Yohei Goto\mydrive\97_dev\onebyone\wp\app\public\wp-content\themes\onebyone\functions\ogp.php on line 62
[23-Mar-2023 14:34:54 UTC] PHP Warning:  Undefined variable $twitter_site in C:\Users\Yohei Goto\mydrive\97_dev\onebyone\wp\app\public\wp-content\themes\onebyone\functions\ogp.php on line 59
[23-Mar-2023 14:34:54 UTC] PHP Warning:  Undefined variable $facebook_app_id in C:\Users\Yohei Goto\mydrive\97_dev\onebyone\wp\app\public\wp-content\themes\onebyone\functions\ogp.php on line 62
[23-Mar-2023 14:35:10 UTC] PHP Warning:  Undefined variable $twitter_site in C:\Users\Yohei Goto\mydrive\97_dev\onebyone\wp\app\public\wp-content\themes\onebyone\functions\ogp.php on line 59
[23-Mar-2023 14:35:10 UTC] PHP Warning:  Undefined variable $facebook_app_id in C:\Users\Yohei Goto\mydrive\97_dev\onebyone\wp\app\public\wp-content\themes\onebyone\functions\ogp.php on line 62
[23-Mar-2023 14:38:54 UTC] PHP Warning:  Undefined variable $twitter_site in C:\Users\Yohei Goto\mydrive\97_dev\onebyone\wp\app\public\wp-content\themes\onebyone\functions\ogp.php on line 59
[23-Mar-2023 14:38:54 UTC] PHP Warning:  Undefined variable $facebook_app_id in C:\Users\Yohei Goto\mydrive\97_dev\onebyone\wp\app\public\wp-content\themes\onebyone\functions\ogp.php on line 62
[23-Mar-2023 14:39:19 UTC] PHP Warning:  Undefined variable $twitter_site in C:\Users\Yohei Goto\mydrive\97_dev\onebyone\wp\app\public\wp-content\themes\onebyone\functions\ogp.php on line 59
[23-Mar-2023 14:39:19 UTC] PHP Warning:  Undefined variable $facebook_app_id in C:\Users\Yohei Goto\mydrive\97_dev\onebyone\wp\app\public\wp-content\themes\onebyone\functions\ogp.php on line 62
[23-Mar-2023 14:41:38 UTC] PHP Warning:  Undefined variable $twitter_site in C:\Users\Yohei Goto\mydrive\97_dev\onebyone\wp\app\public\wp-content\themes\onebyone\functions\ogp.php on line 59
[23-Mar-2023 14:41:38 UTC] PHP Warning:  Undefined variable $facebook_app_id in C:\Users\Yohei Goto\mydrive\97_dev\onebyone\wp\app\public\wp-content\themes\onebyone\functions\ogp.php on line 62
[23-Mar-2023 14:42:28 UTC] PHP Warning:  Undefined variable $twitter_site in C:\Users\Yohei Goto\mydrive\97_dev\onebyone\wp\app\public\wp-content\themes\onebyone\functions\ogp.php on line 59
[23-Mar-2023 14:42:28 UTC] PHP Warning:  Undefined variable $facebook_app_id in C:\Users\Yohei Goto\mydrive\97_dev\onebyone\wp\app\public\wp-content\themes\onebyone\functions\ogp.php on line 62
[23-Mar-2023 14:43:11 UTC] PHP Warning:  Undefined variable $twitter_site in C:\Users\Yohei Goto\mydrive\97_dev\onebyone\wp\app\public\wp-content\themes\onebyone\functions\ogp.php on line 59
[23-Mar-2023 14:43:11 UTC] PHP Warning:  Undefined variable $facebook_app_id in C:\Users\Yohei Goto\mydrive\97_dev\onebyone\wp\app\public\wp-content\themes\onebyone\functions\ogp.php on line 62
[23-Mar-2023 14:48:50 UTC] PHP Warning:  Undefined variable $twitter_site in C:\Users\Yohei Goto\mydrive\97_dev\onebyone\wp\app\public\wp-content\themes\onebyone\functions\ogp.php on line 59
[23-Mar-2023 14:48:50 UTC] PHP Warning:  Undefined variable $facebook_app_id in C:\Users\Yohei Goto\mydrive\97_dev\onebyone\wp\app\public\wp-content\themes\onebyone\functions\ogp.php on line 62
[23-Mar-2023 14:54:18 UTC] PHP Warning:  Undefined variable $twitter_site in C:\Users\Yohei Goto\mydrive\97_dev\onebyone\wp\app\public\wp-content\themes\onebyone\functions\ogp.php on line 59
[23-Mar-2023 14:54:18 UTC] PHP Warning:  Undefined variable $facebook_app_id in C:\Users\Yohei Goto\mydrive\97_dev\onebyone\wp\app\public\wp-content\themes\onebyone\functions\ogp.php on line 62
[23-Mar-2023 14:54:54 UTC] PHP Warning:  Undefined variable $twitter_site in C:\Users\Yohei Goto\mydrive\97_dev\onebyone\wp\app\public\wp-content\themes\onebyone\functions\ogp.php on line 59
[23-Mar-2023 14:54:54 UTC] PHP Warning:  Undefined variable $facebook_app_id in C:\Users\Yohei Goto\mydrive\97_dev\onebyone\wp\app\public\wp-content\themes\onebyone\functions\ogp.php on line 62
[23-Mar-2023 14:55:49 UTC] PHP Warning:  Undefined variable $twitter_site in C:\Users\Yohei Goto\mydrive\97_dev\onebyone\wp\app\public\wp-content\themes\onebyone\functions\ogp.php on line 59
[23-Mar-2023 14:55:49 UTC] PHP Warning:  Undefined variable $facebook_app_id in C:\Users\Yohei Goto\mydrive\97_dev\onebyone\wp\app\public\wp-content\themes\onebyone\functions\ogp.php on line 62
[23-Mar-2023 14:57:06 UTC] PHP Warning:  Undefined variable $twitter_site in C:\Users\Yohei Goto\mydrive\97_dev\onebyone\wp\app\public\wp-content\themes\onebyone\functions\ogp.php on line 59
[23-Mar-2023 14:57:06 UTC] PHP Warning:  Undefined variable $facebook_app_id in C:\Users\Yohei Goto\mydrive\97_dev\onebyone\wp\app\public\wp-content\themes\onebyone\functions\ogp.php on line 62
[23-Mar-2023 14:58:49 UTC] PHP Warning:  Undefined variable $twitter_site in C:\Users\Yohei Goto\mydrive\97_dev\onebyone\wp\app\public\wp-content\themes\onebyone\functions\ogp.php on line 59
[23-Mar-2023 14:58:49 UTC] PHP Warning:  Undefined variable $facebook_app_id in C:\Users\Yohei Goto\mydrive\97_dev\onebyone\wp\app\public\wp-content\themes\onebyone\functions\ogp.php on line 62
[23-Mar-2023 15:02:04 UTC] PHP Warning:  Undefined variable $twitter_site in C:\Users\Yohei Goto\mydrive\97_dev\onebyone\wp\app\public\wp-content\themes\onebyone\functions\ogp.php on line 59
[23-Mar-2023 15:02:04 UTC] PHP Warning:  Undefined variable $facebook_app_id in C:\Users\Yohei Goto\mydrive\97_dev\onebyone\wp\app\public\wp-content\themes\onebyone\functions\ogp.php on line 62
[23-Mar-2023 16:17:39 UTC] PHP Warning:  Undefined variable $twitter_site in C:\Users\Yohei Goto\mydrive\97_dev\onebyone\wp\app\public\wp-content\themes\onebyone\functions\ogp.php on line 59
[23-Mar-2023 16:17:39 UTC] PHP Warning:  Undefined variable $facebook_app_id in C:\Users\Yohei Goto\mydrive\97_dev\onebyone\wp\app\public\wp-content\themes\onebyone\functions\ogp.php on line 62
[24-Mar-2023 14:16:59 UTC] PHP Warning:  Undefined variable $news_posts in C:\Users\Yohei Goto\mydrive\97_dev\onebyone\wp\app\public\wp-content\themes\onebyone\includes\idx-news.php on line 10
[24-Mar-2023 14:16:59 UTC] PHP Fatal error:  Uncaught Error: Call to a member function have_posts() on null in C:\Users\Yohei Goto\mydrive\97_dev\onebyone\wp\app\public\wp-content\themes\onebyone\includes\idx-news.php:10
Stack trace:
#0 C:\Users\Yohei Goto\mydrive\97_dev\onebyone\wp\app\public\wp-includes\template.php(785): require()
#1 C:\Users\Yohei Goto\mydrive\97_dev\onebyone\wp\app\public\wp-includes\template.php(718): load_template('C:\\Users\\Yohei ...', false, Array)
#2 C:\Users\Yohei Goto\mydrive\97_dev\onebyone\wp\app\public\wp-includes\general-template.php(204): locate_template(Array, true, false, Array)
#3 C:\Users\Yohei Goto\mydrive\97_dev\onebyone\wp\app\public\wp-content\themes\onebyone\front-page.php(518): get_template_part('includes/idx-ne...')
#4 C:\Users\Yohei Goto\mydrive\97_dev\onebyone\wp\app\public\wp-includes\template-loader.php(106): include('C:\\Users\\Yohei ...')
#5 C:\Users\Yohei Goto\mydrive\97_dev\onebyone\wp\app\public\wp-blog-header.php(19): require_once('C:\\Users\\Yohei ...')
#6 C:\Users\Yohei Goto\mydrive\97_dev\onebyone\wp\app\public\index.php(17): require('C:\\Users\\Yohei ...')
#7 {main}
  thrown in C:\Users\Yohei Goto\mydrive\97_dev\onebyone\wp\app\public\wp-content\themes\onebyone\includes\idx-news.php on line 10
[24-Mar-2023 14:32:55 UTC] フックの cron 予約解除イベントエラー: do_pings、エラーコード: could_not_set、エラーメッセージ: Cron イベントのリストを保存できません。、データ: {"schedule":false,"args":[]}
[25-Mar-2023 04:02:52 UTC] PHP Warning:  Undefined property: stdClass::$add_a_class in C:\Users\Yohei Goto\mydrive\97_dev\onebyone\wp\app\public\wp-content\themes\onebyone\functions\nav_menu_customize.php on line 16
[25-Mar-2023 04:02:52 UTC] PHP Warning:  Undefined property: stdClass::$add_a_class in C:\Users\Yohei Goto\mydrive\97_dev\onebyone\wp\app\public\wp-content\themes\onebyone\functions\nav_menu_customize.php on line 16
[25-Mar-2023 04:02:55 UTC] PHP Warning:  Undefined property: stdClass::$add_a_class in C:\Users\Yohei Goto\mydrive\97_dev\onebyone\wp\app\public\wp-content\themes\onebyone\functions\nav_menu_customize.php on line 16
[25-Mar-2023 04:02:55 UTC] PHP Warning:  Undefined property: stdClass::$add_a_class in C:\Users\Yohei Goto\mydrive\97_dev\onebyone\wp\app\public\wp-content\themes\onebyone\functions\nav_menu_customize.php on line 16
[25-Mar-2023 04:03:05 UTC] PHP Warning:  Undefined property: stdClass::$add_a_class in C:\Users\Yohei Goto\mydrive\97_dev\onebyone\wp\app\public\wp-content\themes\onebyone\functions\nav_menu_customize.php on line 16
[25-Mar-2023 04:03:05 UTC] PHP Warning:  Undefined property: stdClass::$add_a_class in C:\Users\Yohei Goto\mydrive\97_dev\onebyone\wp\app\public\wp-content\themes\onebyone\functions\nav_menu_customize.php on line 16
[25-Mar-2023 04:03:39 UTC] PHP Warning:  Undefined property: stdClass::$add_a_class in C:\Users\Yohei Goto\mydrive\97_dev\onebyone\wp\app\public\wp-content\themes\onebyone\functions\nav_menu_customize.php on line 16
[25-Mar-2023 04:03:39 UTC] PHP Warning:  Undefined property: stdClass::$add_a_class in C:\Users\Yohei Goto\mydrive\97_dev\onebyone\wp\app\public\wp-content\themes\onebyone\functions\nav_menu_customize.php on line 16
[02-Apr-2023 05:09:36 UTC] PHP Parse error:  syntax error, unexpected end of file in C:\Users\Yohei Goto\mydrive\97_dev\onebyone\wp\app\public\wp-content\themes\onebyone_fudo\functions.php on line 123
[02-Apr-2023 05:09:36 UTC] PHP Parse error:  syntax error, unexpected end of file in C:\Users\Yohei Goto\mydrive\97_dev\onebyone\wp\app\public\wp-content\themes\onebyone_fudo\functions.php on line 123
[02-Apr-2023 05:09:39 UTC] PHP Parse error:  syntax error, unexpected end of file in C:\Users\Yohei Goto\mydrive\97_dev\onebyone\wp\app\public\wp-content\themes\onebyone_fudo\functions.php on line 123
[02-Apr-2023 05:09:39 UTC] PHP Warning:  Trying to access array offset on value of type bool in C:\Users\Yohei Goto\mydrive\97_dev\onebyone\wp\app\public\wp-includes\class-wp-recovery-mode-email-service.php on line 372
[02-Apr-2023 05:09:39 UTC] PHP Warning:  Trying to access array offset on value of type bool in C:\Users\Yohei Goto\mydrive\97_dev\onebyone\wp\app\public\wp-includes\class-wp-recovery-mode-email-service.php on line 373
[02-Apr-2023 05:09:40 UTC] PHP Parse error:  syntax error, unexpected end of file in C:\Users\Yohei Goto\mydrive\97_dev\onebyone\wp\app\public\wp-content\themes\onebyone_fudo\functions.php on line 123
[02-Apr-2023 05:09:40 UTC] PHP Parse error:  syntax error, unexpected end of file in C:\Users\Yohei Goto\mydrive\97_dev\onebyone\wp\app\public\wp-content\themes\onebyone_fudo\functions.php on line 123
[02-Apr-2023 05:09:40 UTC] PHP Parse error:  syntax error, unexpected end of file in C:\Users\Yohei Goto\mydrive\97_dev\onebyone\wp\app\public\wp-content\themes\onebyone_fudo\functions.php on line 123
[02-Apr-2023 13:29:29 UTC] PHP Warning:  Undefined property: WP_Post_Type::$taxonomy in C:\Users\Yohei Goto\mydrive\97_dev\onebyone\wp\app\public\wp-content\plugins\fudou\inc\inc-archive-fudo.php on line 108
[02-Apr-2023 13:29:29 UTC] PHP Warning:  Undefined property: WP_Post_Type::$slug in C:\Users\Yohei Goto\mydrive\97_dev\onebyone\wp\app\public\wp-content\plugins\fudou\inc\inc-archive-fudo.php on line 110
[02-Apr-2023 13:32:12 UTC] PHP Warning:  Undefined property: WP_Post_Type::$taxonomy in C:\Users\Yohei Goto\mydrive\97_dev\onebyone\wp\app\public\wp-content\plugins\fudou\inc\inc-archive-fudo.php on line 108
[02-Apr-2023 13:32:12 UTC] PHP Warning:  Undefined property: WP_Post_Type::$slug in C:\Users\Yohei Goto\mydrive\97_dev\onebyone\wp\app\public\wp-content\plugins\fudou\inc\inc-archive-fudo.php on line 110
[02-Apr-2023 13:32:51 UTC] PHP Warning:  Undefined property: WP_Post_Type::$taxonomy in C:\Users\Yohei Goto\mydrive\97_dev\onebyone\wp\app\public\wp-content\plugins\fudou\inc\inc-archive-fudo.php on line 108
[02-Apr-2023 13:32:51 UTC] PHP Warning:  Undefined property: WP_Post_Type::$slug in C:\Users\Yohei Goto\mydrive\97_dev\onebyone\wp\app\public\wp-content\plugins\fudou\inc\inc-archive-fudo.php on line 110
[02-Apr-2023 13:33:02 UTC] PHP Warning:  Undefined property: WP_Post_Type::$taxonomy in C:\Users\Yohei Goto\mydrive\97_dev\onebyone\wp\app\public\wp-content\plugins\fudou\inc\inc-archive-fudo.php on line 108
[02-Apr-2023 13:33:02 UTC] PHP Warning:  Undefined property: WP_Post_Type::$slug in C:\Users\Yohei Goto\mydrive\97_dev\onebyone\wp\app\public\wp-content\plugins\fudou\inc\inc-archive-fudo.php on line 110
[02-Apr-2023 13:39:27 UTC] PHP Warning:  Undefined array key "choumei_view" in C:\Users\Yohei Goto\mydrive\97_dev\onebyone\wp\app\public\wp-content\plugins\fudou\widget\fudo-widget2.php on line 191
[02-Apr-2023 13:39:41 UTC] PHP Warning:  Undefined array key "choumei_view" in C:\Users\Yohei Goto\mydrive\97_dev\onebyone\wp\app\public\wp-content\plugins\fudou\widget\fudo-widget2.php on line 191
[02-Apr-2023 13:39:42 UTC] PHP Warning:  Undefined array key "choumei_view" in C:\Users\Yohei Goto\mydrive\97_dev\onebyone\wp\app\public\wp-content\plugins\fudou\widget\fudo-widget2.php on line 191
[02-Apr-2023 13:39:43 UTC] PHP Warning:  Undefined array key "choumei_view" in C:\Users\Yohei Goto\mydrive\97_dev\onebyone\wp\app\public\wp-content\plugins\fudou\widget\fudo-widget2.php on line 191
[02-Apr-2023 13:39:44 UTC] PHP Warning:  Undefined array key "choumei_view" in C:\Users\Yohei Goto\mydrive\97_dev\onebyone\wp\app\public\wp-content\plugins\fudou\widget\fudo-widget2.php on line 191
[02-Apr-2023 13:39:44 UTC] PHP Warning:  Undefined array key "choumei_view" in C:\Users\Yohei Goto\mydrive\97_dev\onebyone\wp\app\public\wp-content\plugins\fudou\widget\fudo-widget2.php on line 191
[02-Apr-2023 13:39:45 UTC] PHP Warning:  Undefined array key "choumei_view" in C:\Users\Yohei Goto\mydrive\97_dev\onebyone\wp\app\public\wp-content\plugins\fudou\widget\fudo-widget2.php on line 191
[02-Apr-2023 13:39:46 UTC] PHP Warning:  Undefined array key "choumei_view" in C:\Users\Yohei Goto\mydrive\97_dev\onebyone\wp\app\public\wp-content\plugins\fudou\widget\fudo-widget2.php on line 191
[02-Apr-2023 13:39:47 UTC] PHP Warning:  Undefined array key "choumei_view" in C:\Users\Yohei Goto\mydrive\97_dev\onebyone\wp\app\public\wp-content\plugins\fudou\widget\fudo-widget2.php on line 191
[02-Apr-2023 13:39:55 UTC] PHP Warning:  Undefined array key "choumei_view" in C:\Users\Yohei Goto\mydrive\97_dev\onebyone\wp\app\public\wp-content\plugins\fudou\widget\fudo-widget2.php on line 191
[02-Apr-2023 13:40:04 UTC] PHP Warning:  Undefined array key "choumei_view" in C:\Users\Yohei Goto\mydrive\97_dev\onebyone\wp\app\public\wp-content\plugins\fudou\widget\fudo-widget2.php on line 191
[02-Apr-2023 13:45:41 UTC] PHP Warning:  Undefined property: WP_Post_Type::$taxonomy in C:\Users\Yohei Goto\mydrive\97_dev\onebyone\wp\app\public\wp-content\plugins\fudou\inc\inc-archive-fudo.php on line 108
[02-Apr-2023 13:45:41 UTC] PHP Warning:  Undefined property: WP_Post_Type::$slug in C:\Users\Yohei Goto\mydrive\97_dev\onebyone\wp\app\public\wp-content\plugins\fudou\inc\inc-archive-fudo.php on line 110
[02-Apr-2023 13:46:46 UTC] PHP Warning:  Undefined property: WP_Post_Type::$taxonomy in C:\Users\Yohei Goto\mydrive\97_dev\onebyone\wp\app\public\wp-content\plugins\fudou\inc\inc-archive-fudo.php on line 108
[02-Apr-2023 13:46:46 UTC] PHP Warning:  Undefined property: WP_Post_Type::$slug in C:\Users\Yohei Goto\mydrive\97_dev\onebyone\wp\app\public\wp-content\plugins\fudou\inc\inc-archive-fudo.php on line 110
[02-Apr-2023 13:47:03 UTC] PHP Warning:  Undefined property: WP_Post_Type::$taxonomy in C:\Users\Yohei Goto\mydrive\97_dev\onebyone\wp\app\public\wp-content\plugins\fudou\inc\inc-archive-fudo.php on line 108
[02-Apr-2023 13:47:03 UTC] PHP Warning:  Undefined property: WP_Post_Type::$slug in C:\Users\Yohei Goto\mydrive\97_dev\onebyone\wp\app\public\wp-content\plugins\fudou\inc\inc-archive-fudo.php on line 110
[02-Apr-2023 15:54:55 UTC] PHP Warning:  Undefined property: WP_Post_Type::$taxonomy in C:\Users\Yohei Goto\mydrive\97_dev\onebyone\wp\app\public\wp-content\plugins\fudou\inc\inc-archive-fudo.php on line 108
[02-Apr-2023 15:54:55 UTC] PHP Warning:  Undefined property: WP_Post_Type::$slug in C:\Users\Yohei Goto\mydrive\97_dev\onebyone\wp\app\public\wp-content\plugins\fudou\inc\inc-archive-fudo.php on line 110
